[wbWrkbk]
BackedUpInExportFile=E:\Ablage\Excel VBA\DevAndTest\Common\Wrkbk\wbWrkbk.cls
[wsWrkbk]
BackedUpInExportFile=E:\Ablage\Excel VBA\DevAndTest\Common\Wrkbk\wsWrkbk.cls
[mTest]
BackedUpInExportFile=E:\Ablage\Excel VBA\DevAndTest\Common\Wrkbk\mTest.bas
BackUpRenewed=30.03.2020 16:57:10
[clsCallStackItem]
BackedUpInExportFile=E:\Ablage\Excel VBA\DevAndTest\Common\Wrkbk\clsCallStackItem.cls
[clsCallStack]
BackedUpInExportFile=E:\Ablage\Excel VBA\DevAndTest\Common\Wrkbk\clsCallStack.cls
BackUpRenewed=01.04.2020 20:08:33
[fMsg]
BackedUpInExportFile=E:\Ablage\Excel VBA\DevAndTest\Common\Wrkbk\fMsg.frm
BackUpRenewed=01.04.2020 20:08:34
[mWrkbk]
BackedUpInExportFile=E:\Ablage\Excel VBA\DevAndTest\Common\Wrkbk\mWrkbk.bas
BackUpRenewed=01.04.2020 20:14:07
[mErrHndlr]
BackedUpInExportFile=E:\Ablage\Excel VBA\DevAndTest\Common\Wrkbk\mErrHndlr.bas
BackUpRenewed=01.04.2020 20:08:34
[mFile]
BackedUpInExportFile=E:\Ablage\Excel VBA\DevAndTest\Common\Wrkbk\mFile.bas
BackUpRenewed=01.04.2020 20:08:34
[mCommon]
BackedUpInExportFile=E:\Ablage\Excel VBA\DevAndTest\Common\Wrkbk\mCommon.bas
BackUpRenewed=30.03.2020 17:21:00
[mCommComp]
BackUpRenewed=26.03.2020 12:52:28
